<?xml version="1.0" encoding="UTF-8"?>
<!-- Generated by org.testng.reporters.JUnitReportReporter -->
<testsuite hostname="NiketP" failures="0" tests="1" name="com.api.tests.ForgotPasswordTest" time="2.096" errors="0" timestamp="2024-12-24T22:02:45 IST" skipped="0">
  <testcase classname="com.api.tests.ForgotPasswordTest" name="forgotPasswordTest" time="2.096"/>
</testsuite> <!-- com.api.tests.ForgotPasswordTest -->
