<?xml version="1.0" encoding="UTF-8"?>
<!-- Generated by org.testng.reporters.JUnitReportReporter -->
<testsuite hostname="NiketP" failures="0" tests="1" name="com.api.tests.LoginAPITest" time="9.578" errors="0" timestamp="2024-12-23T18:33:19 IST" skipped="0">
  <testcase classname="com.api.tests.LoginAPITest" name="loginTest" time="9.578"/>
</testsuite> <!-- com.api.tests.LoginAPITest -->
