<?xml version="1.0" encoding="UTF-8"?>
<!-- Generated by org.testng.reporters.JUnitReportReporter -->
<testsuite hostname="NiketP" failures="0" tests="1" name="com.api.tests.LoginAPITest" time="8.590" errors="0" timestamp="2024-12-25T15:32:29 IST" skipped="0">
  <testcase classname="com.api.tests.LoginAPITest" name="loginTest" time="8.590"/>
</testsuite> <!-- com.api.tests.LoginAPITest -->
