<?xml version="1.0" encoding="UTF-8"?>
<!-- Generated by org.testng.reporters.JUnitReportReporter -->
<testsuite hostname="NiketP" failures="0" tests="1" name="com.api.tests.UpdateProfileTest" time="2.567" errors="0" timestamp="2024-12-25T12:41:04 IST" skipped="0">
  <testcase classname="com.api.tests.UpdateProfileTest" name="updateProfile" time="2.567"/>
</testsuite> <!-- com.api.tests.UpdateProfileTest -->
