<?xml version="1.0" encoding="UTF-8"?>
<!-- Generated by org.testng.reporters.JUnitReportReporter -->
<testsuite hostname="NiketP" failures="0" tests="1" name="com.api.tests.GetProfileTest" time="2.448" errors="0" timestamp="2024-12-24T22:57:11 IST" skipped="0">
  <testcase classname="com.api.tests.GetProfileTest" name="getProfileTest" time="2.448"/>
</testsuite> <!-- com.api.tests.GetProfileTest -->
